2024-05-18 20:32:23,164 sorting.py [INFO] : Sorting module
2024-05-18 20:33:03,857 sorting.py [INFO] : Sorting module
2024-05-18 20:33:08,327 sorting.py [ERROR] : invalid literal for int() with base 10: ''
Traceback (most recent call last):
  File "/Users/MyWork/Repo/MyCodes/algorithms/sorting.py", line 10, in <module>
    num_lst = [int(_.strip()) for _ in num_lst.split(",")]
  File "/Users/MyWork/Repo/MyCodes/algorithms/sorting.py", line 10, in <listcomp>
    num_lst = [int(_.strip()) for _ in num_lst.split(",")]
ValueError: invalid literal for int() with base 10: ''
2024-05-18 20:33:42,885 sorting.py [INFO] : Sorting module
2024-05-18 20:46:38,191 sorting.py [INFO] : Sorting module
2024-05-18 20:46:43,894 sorting.py [INFO] : input : [1, 2, 3, 4, 5]
2024-05-18 20:46:49,076 sorting.py [WARNING] : Not an option
2024-05-18 20:57:42,037 sorting.py [INFO] : Sorting module
2024-05-18 20:57:59,294 sorting.py [INFO] : input : [1, 2, 3, 4, 5, 6]
2024-05-18 20:58:03,097 sorting.py [WARNING] : Not an option
2024-05-18 20:59:00,940 sorting.py [INFO] : Sorting module
2024-05-18 20:59:05,260 sorting.py [INFO] : input : [1, 2, 3, 4, 5, 6]
2024-05-18 20:59:07,491 sorting.py [INFO] : Bubble sorting
2024-05-18 20:59:07,492 sorting.py [INFO] : result : [6, 5, 4, 3, 2, 1]
2024-05-18 20:59:07,492 sorting.py [INFO] : time taken : 1.1920928955078125e-05 secs
