2024-05-20 18:59:34,836 sorting.py [INFO] : Sorting module
2024-05-20 18:59:44,435 sorting.py [INFO] : input : [1, 2, 3, 4, 5, 6]
2024-05-20 18:59:47,085 sorting.py [INFO] : bubble sorting
2024-05-20 18:59:47,086 sorting.py [INFO] : result : [6, 5, 4, 3, 2, 1]
2024-05-20 18:59:47,087 sorting.py [INFO] : time taken : 1.4066696166992188e-05 secs
2024-05-20 19:00:30,232 sorting.py [INFO] : Sorting module
2024-05-20 19:00:32,882 sorting.py [INFO] : input : [3, 2, 1]
2024-05-20 19:00:34,371 sorting.py [INFO] : bubble sorting
2024-05-20 19:00:34,373 sorting.py [INFO] : result : [3, 2, 1]
2024-05-20 19:00:34,373 sorting.py [INFO] : time taken : 6.9141387939453125e-06 secs
2024-05-20 19:04:59,104 sorting.py [INFO] : Sorting module
2024-05-20 19:05:01,444 sorting.py [INFO] : input : [1, 2, 3, 4]
2024-05-20 19:05:03,449 sorting.py [INFO] : bubble sorting
2024-05-20 19:05:03,449 sorting.py [INFO] : result : [1, 2, 3, 4]
2024-05-20 19:05:03,449 sorting.py [INFO] : time taken : 1.2159347534179688e-05 secs
2024-05-20 19:05:05,919 sorting.py [INFO] : Sorting module
2024-05-20 19:05:09,645 sorting.py [INFO] : input : [3, 2, 1]
2024-05-20 19:05:10,974 sorting.py [INFO] : bubble sorting
2024-05-20 19:05:10,974 sorting.py [INFO] : result : [2, 3, 1]
2024-05-20 19:05:10,974 sorting.py [INFO] : time taken : 2.193450927734375e-05 secs
2024-05-20 19:17:27,540 sorting.py [INFO] : Sorting module
2024-05-20 19:17:28,922 sorting.py [INFO] : input : [2]
2024-05-20 19:17:31,794 sorting.py [INFO] : merge sorting
2024-05-20 19:17:31,794 sorting.py [INFO] : result : [2]
2024-05-20 19:17:31,795 sorting.py [INFO] : time taken : 7.867813110351562e-06 secs
2024-05-20 19:17:37,569 sorting.py [INFO] : Sorting module
2024-05-20 19:17:49,321 sorting.py [INFO] : input : [3, 2, 5, 6]
2024-05-20 19:17:51,011 sorting.py [INFO] : merge sorting
2024-05-20 19:17:51,011 sorting.py [INFO] : result : [2, 3, 5, 6]
2024-05-20 19:17:51,011 sorting.py [INFO] : time taken : 1.2159347534179688e-05 secs
2024-06-04 23:23:38,720 pair_matching.py [DEBUG] : input : {}()[]
2024-06-04 23:24:31,824 pair_matching.py [DEBUG] : input : {}()[]
2024-06-04 23:25:18,873 pair_matching.py [DEBUG] : input : {}()[]
2024-06-04 23:25:18,874 pair_matching.py [DEBUG] : input : {}([]){{(){[()]}}}
2024-06-04 23:25:48,691 pair_matching.py [DEBUG] : input : {}()[]
2024-06-04 23:25:48,692 pair_matching.py [DEBUG] : input : {}([]){{({)}{[()]}}}
